<?xml version="1.0" encoding="UTF-8"?>
<!-- Generated by org.testng.reporters.JUnitReportReporter -->
<testsuite hostname="SF-LAP-439" failures="0" tests="4" name="test.UserTests" time="11.001" errors="0" timestamp="2023-10-06T00:49:12 IST" skipped="0">
  <testcase classname="test.UserTests" name="testPostUser" time="3.983"/>
  <system-out/>
  <testcase classname="test.UserTests" name="testGetUserByName" time="1.802"/>
  <system-out/>
  <testcase classname="test.UserTests" name="testUpdateUserByName" time="2.870"/>
  <system-out/>
  <testcase classname="test.UserTests" name="testDeleteuserByName" time="2.346"/>
  <system-out/>
</testsuite> <!-- test.UserTests -->
