<?xml version="1.0" encoding="UTF-8"?>
<!-- Generated by org.testng.reporters.JUnitReportReporter -->
<testsuite hostname="SF-LAP-439" failures="0" tests="2" name="test.StoreTests" time="2.231" errors="0" timestamp="2023-10-10T14:20:27 IST" skipped="0">
  <testcase classname="test.StoreTests" name="testPostStore" time="1.112"/>
  <system-out/>
  <testcase classname="test.StoreTests" name="testGetInventory" time="1.119"/>
  <system-out/>
</testsuite> <!-- test.StoreTests -->
