<?xml version="1.0" encoding="UTF-8"?>
<!-- Generated by org.testng.reporters.JUnitReportReporter -->
<testsuite hostname="SF-LAP-439" failures="0" tests="4" name="test.UserTests" time="7.902" errors="0" timestamp="2023-10-10T14:20:27 IST" skipped="0">
  <testcase classname="test.UserTests" name="testPostUser" time="2.726"/>
  <system-out/>
  <testcase classname="test.UserTests" name="testGetUserByName" time="1.080"/>
  <system-out/>
  <testcase classname="test.UserTests" name="testUpdateUserByName" time="2.209"/>
  <system-out/>
  <testcase classname="test.UserTests" name="testDeleteuserByName" time="1.887"/>
  <system-out/>
</testsuite> <!-- test.UserTests -->
