<?xml version="1.0" encoding="UTF-8"?>
<!-- Generated by org.testng.reporters.JUnitReportReporter -->
<testsuite hostname="SF-LAP-439" failures="0" tests="3" name="test.StoreTests" time="4.315" errors="0" timestamp="2023-10-06T00:49:12 IST" skipped="0">
  <testcase classname="test.StoreTests" name="testPostStore" time="1.524"/>
  <system-out/>
  <testcase classname="test.StoreTests" name="testGetStoreOrder" time="1.438"/>
  <system-out/>
  <testcase classname="test.StoreTests" name="testGetInventory" time="1.353"/>
  <system-out/>
</testsuite> <!-- test.StoreTests -->
